<?xml version="1.0" encoding="UTF-8"?>
<!-- Generated by org.testng.reporters.JUnitReportReporter -->
<testsuite hostname="Prince" failures="0" tests="2" name="com.qa.auto.modules.TestRunner" time="32.865" errors="0" timestamp="2022-11-08T04:19:43 CET" skipped="0">
  <testcase classname="com.qa.auto.modules.TestRunner" name="runScenario" time="18.886"/>
  <system-out/>
  <testcase classname="com.qa.auto.modules.TestRunner" name="runScenario" time="13.979"/>
  <system-out/>
</testsuite> <!-- com.qa.auto.modules.TestRunner -->
