<?xml version="1.0" encoding="UTF-8"?>
<!-- Generated by org.testng.reporters.JUnitReportReporter -->
<testsuite hostname="Prince" failures="0" tests="2" name="com.qa.auto.modules.TestRunner" time="31.699" errors="0" timestamp="2022-11-08T04:10:00 CET" skipped="0">
  <testcase classname="com.qa.auto.modules.TestRunner" name="runScenario" time="17.604"/>
  <system-out/>
  <testcase classname="com.qa.auto.modules.TestRunner" name="runScenario" time="14.095"/>
  <system-out/>
</testsuite> <!-- com.qa.auto.modules.TestRunner -->
