<?xml version="1.0" encoding="UTF-8"?>
<!-- Generated by org.testng.reporters.JUnitReportReporter -->
<testsuite hostname="Prince" failures="0" tests="2" name="com.qa.auto.modules.TestRunner" time="39.487" errors="0" timestamp="2022-11-07T13:35:00 CET" skipped="0">
  <testcase classname="com.qa.auto.modules.TestRunner" name="runScenario" time="16.490"/>
  <system-out/>
  <testcase classname="com.qa.auto.modules.TestRunner" name="runScenario" time="22.997"/>
  <system-out/>
</testsuite> <!-- com.qa.auto.modules.TestRunner -->
